2021-03-25 08:51:48.016  INFO 18240 --- [main] com.banking.BankingApplication           : Starting BankingApplication on DESKTOP-6B3HS11 with PID 18240 (C:\Users\Tuyen\eclipse-workspace\banking\banking\bin\main started by Tuyen in C:\Users\Tuyen\eclipse-workspace\banking\banking)
2021-03-25 08:51:48.031 DEBUG 18240 --- [main] com.banking.BankingApplication           : Running with Spring Boot v2.3.5.RELEASE, Spring v5.2.10.RELEASE
2021-03-25 08:51:48.032  INFO 18240 --- [main] com.banking.BankingApplication           : No active profile set, falling back to default profiles: default
2021-03-25 08:51:50.161  INFO 18240 --- [main] .s.d.r.c.RepositoryConfigurationDelegate : Multiple Spring Data modules found, entering strict repository configuration mode!
2021-03-25 08:51:50.167  INFO 18240 --- [main] .s.d.r.c.RepositoryConfigurationDelegate : Bootstrapping Spring Data JDBC repositories in DEFAULT mode.
2021-03-25 08:51:50.279  INFO 18240 --- [main] .RepositoryConfigurationExtensionSupport : Spring Data JDBC - Could not safely identify store assignment for repository candidate interface com.banking.repositories.AccountRepository. If you want this repository to be a JDBC repository, consider annotating your entities with one of these annotations: org.springframework.data.relational.core.mapping.Table.
2021-03-25 08:51:50.284  INFO 18240 --- [main] .RepositoryConfigurationExtensionSupport : Spring Data JDBC - Could not safely identify store assignment for repository candidate interface com.banking.repositories.AccountTypeRepository. If you want this repository to be a JDBC repository, consider annotating your entities with one of these annotations: org.springframework.data.relational.core.mapping.Table.
2021-03-25 08:51:50.288  INFO 18240 --- [main] .RepositoryConfigurationExtensionSupport : Spring Data JDBC - Could not safely identify store assignment for repository candidate interface com.banking.repositories.BankerRepository. If you want this repository to be a JDBC repository, consider annotating your entities with one of these annotations: org.springframework.data.relational.core.mapping.Table.
2021-03-25 08:51:50.299  INFO 18240 --- [main] .RepositoryConfigurationExtensionSupport : Spring Data JDBC - Could not safely identify store assignment for repository candidate interface com.banking.repositories.BankerTypeRepository. If you want this repository to be a JDBC repository, consider annotating your entities with one of these annotations: org.springframework.data.relational.core.mapping.Table.
2021-03-25 08:51:50.307  INFO 18240 --- [main] .RepositoryConfigurationExtensionSupport : Spring Data JDBC - Could not safely identify store assignment for repository candidate interface com.banking.repositories.CustomerRepository. If you want this repository to be a JDBC repository, consider annotating your entities with one of these annotations: org.springframework.data.relational.core.mapping.Table.
2021-03-25 08:51:50.309  INFO 18240 --- [main] .RepositoryConfigurationExtensionSupport : Spring Data JDBC - Could not safely identify store assignment for repository candidate interface com.banking.repositories.CustomerTransactionRepository. If you want this repository to be a JDBC repository, consider annotating your entities with one of these annotations: org.springframework.data.relational.core.mapping.Table.
2021-03-25 08:51:50.318  INFO 18240 --- [main] .RepositoryConfigurationExtensionSupport : Spring Data JDBC - Could not safely identify store assignment for repository candidate interface com.banking.repositories.TransactionTypeRepository. If you want this repository to be a JDBC repository, consider annotating your entities with one of these annotations: org.springframework.data.relational.core.mapping.Table.
2021-03-25 08:51:50.319  INFO 18240 --- [main] .s.d.r.c.RepositoryConfigurationDelegate : Finished Spring Data repository scanning in 142ms. Found 0 JDBC repository interfaces.
2021-03-25 08:51:50.342  INFO 18240 --- [main] .s.d.r.c.RepositoryConfigurationDelegate : Multiple Spring Data modules found, entering strict repository configuration mode!
2021-03-25 08:51:50.346  INFO 18240 --- [main] .s.d.r.c.RepositoryConfigurationDelegate : Bootstrapping Spring Data JPA repositories in DEFERRED mode.
2021-03-25 08:51:50.551  INFO 18240 --- [main] .s.d.r.c.RepositoryConfigurationDelegate : Finished Spring Data repository scanning in 180ms. Found 7 JPA repository interfaces.
2021-03-25 08:51:52.584  INFO 18240 --- [main] o.s.b.w.embedded.tomcat.TomcatWebServer  : Tomcat initialized with port(s): 8080 (http)
2021-03-25 08:51:52.607  INFO 18240 --- [main] o.apache.catalina.core.StandardService   : Starting service [Tomcat]
2021-03-25 08:51:52.607  INFO 18240 --- [main] org.apache.catalina.core.StandardEngine  : Starting Servlet engine: [Apache Tomcat/9.0.39]
2021-03-25 08:51:53.091  INFO 18240 --- [main] o.a.c.c.C.[Tomcat].[localhost].[/]       : Initializing Spring embedded WebApplicationContext
2021-03-25 08:51:53.091  INFO 18240 --- [main] w.s.c.ServletWebServerApplicationContext : Root WebApplicationContext: initialization completed in 4930 ms
2021-03-25 08:51:54.084  INFO 18240 --- [main] o.s.s.concurrent.ThreadPoolTaskExecutor  : Initializing ExecutorService 'applicationTaskExecutor'
2021-03-25 08:51:54.285  INFO 18240 --- [task-1] o.hibernate.jpa.internal.util.LogHelper  : HHH000204: Processing PersistenceUnitInfo [name: default]
2021-03-25 08:51:54.777  INFO 18240 --- [task-1] org.hibernate.Version                    : HHH000412: Hibernate ORM core version 5.4.22.Final
2021-03-25 08:51:55.478  INFO 18240 --- [main] c.b.c.TransactionTypeController          : constructor. Inject bean using constructor
2021-03-25 08:51:55.484  INFO 18240 --- [main] c.banking.errorhandler.ExceptionHelper   : ExceptionHander in constructor
2021-03-25 08:51:55.550  INFO 18240 --- [task-1] o.hibernate.annotations.common.Version   : HCANN000001: Hibernate Commons Annotations {5.1.0.Final}
2021-03-25 08:51:56.632  INFO 18240 --- [task-1] com.zaxxer.hikari.HikariDataSource       : HikariPool-1 - Starting...
2021-03-25 08:51:59.213  INFO 18240 --- [task-1] com.zaxxer.hikari.HikariDataSource       : HikariPool-1 - Start completed.
2021-03-25 08:51:59.303  INFO 18240 --- [task-1] org.hibernate.dialect.Dialect            : HHH000400: Using dialect: org.hibernate.dialect.SQLServer2012Dialect
2021-03-25 08:52:01.010  INFO 18240 --- [task-1] o.h.e.t.j.p.i.JtaPlatformInitiator       : HHH000490: Using JtaPlatform implementation: [org.hibernate.engine.transaction.jta.platform.internal.NoJtaPlatform]
2021-03-25 08:52:01.025  INFO 18240 --- [task-1] j.LocalContainerEntityManagerFactoryBean : Initialized JPA EntityManagerFactory for persistence unit 'default'
2021-03-25 08:52:02.010  WARN 18240 --- [main] JpaBaseConfiguration$JpaWebConfiguration : spring.jpa.open-in-view is enabled by default. Therefore, database queries may be performed during view rendering. Explicitly configure spring.jpa.open-in-view to disable this warning
2021-03-25 08:52:03.186  INFO 18240 --- [main] o.s.b.w.embedded.tomcat.TomcatWebServer  : Tomcat started on port(s): 8080 (http) with context path ''
2021-03-25 08:52:03.191  INFO 18240 --- [main] DeferredRepositoryInitializationListener : Triggering deferred initialization of Spring Data repositories…
2021-03-25 08:52:03.884  INFO 18240 --- [main] DeferredRepositoryInitializationListener : Spring Data repositories initialized!
2021-03-25 08:52:03.917  INFO 18240 --- [main] com.banking.BankingApplication           : Started BankingApplication in 16.594 seconds (JVM running for 17.397)
2021-03-25 08:53:40.402  INFO 18240 --- [http-nio-8080-exec-1] o.a.c.c.C.[Tomcat].[localhost].[/]       : Initializing Spring DispatcherServlet 'dispatcherServlet'
2021-03-25 08:53:40.404  INFO 18240 --- [http-nio-8080-exec-1] o.s.web.servlet.DispatcherServlet        : Initializing Servlet 'dispatcherServlet'
2021-03-25 08:53:40.496  INFO 18240 --- [http-nio-8080-exec-1] o.s.web.servlet.DispatcherServlet        : Completed initialization in 92 ms
2021-03-25 13:33:10.697  INFO 18360 --- [main] com.banking.BankingApplication           : Starting BankingApplication on DESKTOP-6B3HS11 with PID 18360 (C:\Users\Tuyen\eclipse-workspace\banking\banking\bin\main started by Tuyen in C:\Users\Tuyen\eclipse-workspace\banking\banking)
2021-03-25 13:33:10.700 DEBUG 18360 --- [main] com.banking.BankingApplication           : Running with Spring Boot v2.3.5.RELEASE, Spring v5.2.10.RELEASE
2021-03-25 13:33:10.702  INFO 18360 --- [main] com.banking.BankingApplication           : No active profile set, falling back to default profiles: default
2021-03-25 13:33:12.802  INFO 18360 --- [main] .s.d.r.c.RepositoryConfigurationDelegate : Multiple Spring Data modules found, entering strict repository configuration mode!
2021-03-25 13:33:12.805  INFO 18360 --- [main] .s.d.r.c.RepositoryConfigurationDelegate : Bootstrapping Spring Data JDBC repositories in DEFAULT mode.
2021-03-25 13:33:12.922  INFO 18360 --- [main] .RepositoryConfigurationExtensionSupport : Spring Data JDBC - Could not safely identify store assignment for repository candidate interface com.banking.repositories.AccountRepository. If you want this repository to be a JDBC repository, consider annotating your entities with one of these annotations: org.springframework.data.relational.core.mapping.Table.
2021-03-25 13:33:12.930  INFO 18360 --- [main] .RepositoryConfigurationExtensionSupport : Spring Data JDBC - Could not safely identify store assignment for repository candidate interface com.banking.repositories.AccountTypeRepository. If you want this repository to be a JDBC repository, consider annotating your entities with one of these annotations: org.springframework.data.relational.core.mapping.Table.
2021-03-25 13:33:12.932  INFO 18360 --- [main] .RepositoryConfigurationExtensionSupport : Spring Data JDBC - Could not safely identify store assignment for repository candidate interface com.banking.repositories.BankerRepository. If you want this repository to be a JDBC repository, consider annotating your entities with one of these annotations: org.springframework.data.relational.core.mapping.Table.
2021-03-25 13:33:12.935  INFO 18360 --- [main] .RepositoryConfigurationExtensionSupport : Spring Data JDBC - Could not safely identify store assignment for repository candidate interface com.banking.repositories.BankerTypeRepository. If you want this repository to be a JDBC repository, consider annotating your entities with one of these annotations: org.springframework.data.relational.core.mapping.Table.
2021-03-25 13:33:12.938  INFO 18360 --- [main] .RepositoryConfigurationExtensionSupport : Spring Data JDBC - Could not safely identify store assignment for repository candidate interface com.banking.repositories.CustomerRepository. If you want this repository to be a JDBC repository, consider annotating your entities with one of these annotations: org.springframework.data.relational.core.mapping.Table.
2021-03-25 13:33:12.947  INFO 18360 --- [main] .RepositoryConfigurationExtensionSupport : Spring Data JDBC - Could not safely identify store assignment for repository candidate interface com.banking.repositories.CustomerTransactionRepository. If you want this repository to be a JDBC repository, consider annotating your entities with one of these annotations: org.springframework.data.relational.core.mapping.Table.
2021-03-25 13:33:12.952  INFO 18360 --- [main] .RepositoryConfigurationExtensionSupport : Spring Data JDBC - Could not safely identify store assignment for repository candidate interface com.banking.repositories.TransactionTypeRepository. If you want this repository to be a JDBC repository, consider annotating your entities with one of these annotations: org.springframework.data.relational.core.mapping.Table.
2021-03-25 13:33:12.954  INFO 18360 --- [main] .s.d.r.c.RepositoryConfigurationDelegate : Finished Spring Data repository scanning in 123ms. Found 0 JDBC repository interfaces.
2021-03-25 13:33:12.979  INFO 18360 --- [main] .s.d.r.c.RepositoryConfigurationDelegate : Multiple Spring Data modules found, entering strict repository configuration mode!
2021-03-25 13:33:12.999  INFO 18360 --- [main] .s.d.r.c.RepositoryConfigurationDelegate : Bootstrapping Spring Data JPA repositories in DEFERRED mode.
2021-03-25 13:33:13.117  INFO 18360 --- [main] .s.d.r.c.RepositoryConfigurationDelegate : Finished Spring Data repository scanning in 101ms. Found 7 JPA repository interfaces.
